<?xml version="1.0" encoding="UTF-8"?>
<!-- Generated by org.testng.reporters.JUnitReportReporter -->
<testsuite hostname="DESKTOP-867KN5A" failures="0" tests="1" name="runner.TestRunner" time="96.732" errors="0" timestamp="2024-01-19T11:51:02 IST" skipped="0">
  <testcase classname="runner.TestRunner" name="runScenario" time="96.732"/>
  <system-out/>
</testsuite> <!-- runner.TestRunner -->
